{"/Users/supernoir/Documents/tomokanji/src/components/Button/index.js": {"path":"/Users/supernoir/Documents/tomokanji/src/components/Button/index.js","statementMap":{"0":{"start":{"line":3,"column":15},"end":{"line":9,"column":1}},"1":{"start":{"line":4,"column":1},"end":{"line":8,"column":3}}},"fnMap":{"0":{"name":"(anonymous_0)","decl":{"start":{"line":3,"column":15},"end":{"line":3,"column":16}},"loc":{"start":{"line":3,"column":24},"end":{"line":9,"column":1}},"line":3}},"branchMap":{},"s":{"0":2,"1":5},"f":{"0":5},"b":{},"_coverageSchema":"332fd63041d2c1bcb487cc26dd0d5f7d97098a6c","hash":"9f2e6ae27543379902753dc38cdd7137f2f285c2"}
,"/Users/supernoir/Documents/tomokanji/src/components/Card/index.js": {"path":"/Users/supernoir/Documents/tomokanji/src/components/Card/index.js","statementMap":{"0":{"start":{"line":5,"column":2},"end":{"line":5,"column":15}},"1":{"start":{"line":6,"column":2},"end":{"line":11,"column":4}},"2":{"start":{"line":12,"column":2},"end":{"line":12,"column":30}},"3":{"start":{"line":16,"column":2},"end":{"line":16,"column":32}},"4":{"start":{"line":20,"column":2},"end":{"line":50,"column":4}}},"fnMap":{"0":{"name":"(anonymous_0)","decl":{"start":{"line":4,"column":1},"end":{"line":4,"column":2}},"loc":{"start":{"line":4,"column":20},"end":{"line":13,"column":2}},"line":4},"1":{"name":"(anonymous_1)","decl":{"start":{"line":15,"column":1},"end":{"line":15,"column":2}},"loc":{"start":{"line":15,"column":16},"end":{"line":17,"column":2}},"line":15},"2":{"name":"(anonymous_2)","decl":{"start":{"line":19,"column":1},"end":{"line":19,"column":2}},"loc":{"start":{"line":19,"column":10},"end":{"line":51,"column":2}},"line":19}},"branchMap":{"0":{"loc":{"start":{"line":25,"column":43},"end":{"line":25,"column":126}},"type":"cond-expr","locations":[{"start":{"line":25,"column":83},"end":{"line":25,"column":109}},{"start":{"line":25,"column":112},"end":{"line":25,"column":126}}],"line":25}},"s":{"0":1,"1":1,"2":1,"3":0,"4":1},"f":{"0":1,"1":0,"2":1},"b":{"0":[1,0]},"_coverageSchema":"332fd63041d2c1bcb487cc26dd0d5f7d97098a6c","hash":"1555ab6b0a3f9235bdd9027646e7cdec90e35b6b"}
,"/Users/supernoir/Documents/tomokanji/src/components/Logo/index.js": {"path":"/Users/supernoir/Documents/tomokanji/src/components/Logo/index.js","statementMap":{"0":{"start":{"line":3,"column":13},"end":{"line":12,"column":1}},"1":{"start":{"line":4,"column":1},"end":{"line":11,"column":3}}},"fnMap":{"0":{"name":"(anonymous_0)","decl":{"start":{"line":3,"column":13},"end":{"line":3,"column":14}},"loc":{"start":{"line":3,"column":19},"end":{"line":12,"column":1}},"line":3}},"branchMap":{},"s":{"0":1,"1":3},"f":{"0":3},"b":{},"_coverageSchema":"332fd63041d2c1bcb487cc26dd0d5f7d97098a6c","hash":"57b25b7bde8937ae6c8433250718b4152e43dc43"}
,"/Users/supernoir/Documents/tomokanji/src/components/Navigation/index.js": {"path":"/Users/supernoir/Documents/tomokanji/src/components/Navigation/index.js","statementMap":{"0":{"start":{"line":4,"column":19},"end":{"line":12,"column":1}},"1":{"start":{"line":5,"column":1},"end":{"line":11,"column":3}}},"fnMap":{"0":{"name":"(anonymous_0)","decl":{"start":{"line":4,"column":19},"end":{"line":4,"column":20}},"loc":{"start":{"line":4,"column":28},"end":{"line":12,"column":1}},"line":4}},"branchMap":{},"s":{"0":1,"1":1},"f":{"0":1},"b":{},"_coverageSchema":"332fd63041d2c1bcb487cc26dd0d5f7d97098a6c","hash":"2d89ab990422371b6f09e6c4cc247dc4f5a34b05"}
,"/Users/supernoir/Documents/tomokanji/src/test/jestsetup.js": {"path":"/Users/supernoir/Documents/tomokanji/src/test/jestsetup.js","statementMap":{"0":{"start":{"line":4,"column":0},"end":{"line":4,"column":45}}},"fnMap":{},"branchMap":{},"s":{"0":4},"f":{},"b":{},"_coverageSchema":"332fd63041d2c1bcb487cc26dd0d5f7d97098a6c","hash":"af9f1a6f0b7266e1ebd6417af404b19c2d3ca63f"}
}
